-------------------------------------------------------------------------------
Test set: com.stability.martrix.service.AndroidAArch64FileServiceSpringBootTest
-------------------------------------------------------------------------------
Tests run: 1, Failures: 1, Errors: 0, Skipped: 0, Time elapsed: 1.960 s <<< FAILURE! -- in com.stability.martrix.service.AndroidAArch64FileServiceSpringBootTest
com.stability.martrix.service.AndroidAArch64FileServiceSpringBootTest.testParseFileWithList -- Time elapsed: 0.375 s <<< FAILURE!
org.opentest4j.AssertionFailedError: 信号信息不匹配 ==> expected: <SIGSEGV> but was: <code>
	at org.junit.jupiter.api.AssertionFailureBuilder.build(AssertionFailureBuilder.java:151)
	at org.junit.jupiter.api.AssertionFailureBuilder.buildAndThrow(AssertionFailureBuilder.java:132)
	at org.junit.jupiter.api.AssertEquals.failNotEqual(AssertEquals.java:197)
	at org.junit.jupiter.api.AssertEquals.assertEquals(AssertEquals.java:182)
	at org.junit.jupiter.api.Assertions.assertEquals(Assertions.java:1156)
	at com.stability.martrix.service.AndroidAArch64FileServiceSpringBootTest.validateTombstoneInfo(AndroidAArch64FileServiceSpringBootTest.java:48)
	at com.stability.martrix.service.AndroidAArch64FileServiceSpringBootTest.testParseFileWithList(AndroidAArch64FileServiceSpringBootTest.java:31)
	at java.base/java.lang.reflect.Method.invoke(Method.java:565)
	at java.base/java.util.ArrayList.forEach(ArrayList.java:1604)
	at java.base/java.util.ArrayList.forEach(ArrayList.java:1604)

