<?xml version="1.0" encoding="UTF-8"?>
<testsuite xmlns:xsi="http://www.w3.org/2001/XMLSchema-instance" xsi:noNamespaceSchemaLocation="https://maven.apache.org/surefire/maven-surefire-plugin/xsd/surefire-test-report-3.0.xsd" version="3.0" name="com.stability.martrix.service.AndroidAArch64FileServiceSpringBootTest" time="1.96" tests="1" errors="0" skipped="0" failures="1">
  <properties>
[...]
</properties>
  <testcase name="testParseFileWithList" classname="com.stability.martrix.service.AndroidAArch64FileServiceSpringBootTest" time="0.375">
    <failure message="信号信息不匹配 ==&gt; expected: &lt;SIGSEGV&gt; but was: &lt;code&gt;" type="org.opentest4j.AssertionFailedError"><![CDATA[org.opentest4j.AssertionFailedError: 信号信息不匹配 ==> expected: <SIGSEGV> but was: <code>
	at org.junit.jupiter.api.AssertionFailureBuilder.build(AssertionFailureBuilder.java:151)
	at org.junit.jupiter.api.AssertionFailureBuilder.buildAndThrow(AssertionFailureBuilder.java:132)
	at org.junit.jupiter.api.AssertEquals.failNotEqual(AssertEquals.java:197)
	at org.junit.jupiter.api.AssertEquals.assertEquals(AssertEquals.java:182)
	at org.junit.jupiter.api.Assertions.assertEquals(Assertions.java:1156)
	at com.stability.martrix.service.AndroidAArch64FileServiceSpringBootTest.validateTombstoneInfo(AndroidAArch64FileServiceSpringBootTest.java:48)
	at com.stability.martrix.service.AndroidAArch64FileServiceSpringBootTest.testParseFileWithList(AndroidAArch64FileServiceSpringBootTest.java:31)
	at java.base/java.lang.reflect.Method.invoke(Method.java:565)
	at java.base/java.util.ArrayList.forEach(ArrayList.java:1604)
	at java.base/java.util.ArrayList.forEach(ArrayList.java:1604)
]]></failure>
    <system-out><![CDATA[18:28:49.527 [main] INFO org.springframework.test.context.support.AnnotationConfigContextLoaderUtils -- Could not detect default configuration classes for test class [com.stability.martrix.service.AndroidAArch64FileServiceSpringBootTest]: AndroidAArch64FileServiceSpringBootTest does not declare any static, non-private, non-final, nested classes annotated with @Configuration.
18:28:49.583 [main] INFO org.springframework.boot.test.context.SpringBootTestContextBootstrapper -- Found @SpringBootConfiguration com.stability.martrix.Main for test class com.stability.martrix.service.AndroidAArch64FileServiceSpringBootTest

  .   ____          _            __ _ _
 /\\ / ___'_ __ _ _(_)_ __  __ _ \ \ \ \
( ( )\___ | '_ | '_| | '_ \/ _` | \ \ \ \
 \\/  ___)| |_)| | | | | || (_| |  ) ) ) )
  '  |____| .__|_| |_|_| |_\__, | / / / /
 =========|_|==============|___/=/_/_/_/

 :: Spring Boot ::                (v3.5.8)

2025-12-21T18:28:49.781+08:00  WARN 67564 --- [lyw-redis-rag] [           main] ory$DuplicateJsonObjectContextCustomizer : 

Found multiple occurrences of org.json.JSONObject on the class path:

	jar:file:/Users/lyw/.m2/repository/org/json/json/20250107/json-20250107.jar!/org/json/JSONObject.class
	jar:file:/Users/lyw/.m2/repository/com/vaadin/external/google/android-json/0.0.20131108.vaadin1/android-json-0.0.20131108.vaadin1.jar!/org/json/JSONObject.class

You may wish to exclude one of them to ensure predictable runtime behavior

2025-12-21T18:28:49.789+08:00  INFO 67564 --- [lyw-redis-rag] [           main] .AndroidAArch64FileServiceSpringBootTest : Starting AndroidAArch64FileServiceSpringBootTest using Java 25.0.1 with PID 67564 (started by lyw in /Users/lyw/IdeaProjects/Stablity-Matrix/Demo)
2025-12-21T18:28:49.790+08:00  INFO 67564 --- [lyw-redis-rag] [           main] .AndroidAArch64FileServiceSpringBootTest : No active profile set, falling back to 1 default profile: "default"
2025-12-21T18:28:50.137+08:00  INFO 67564 --- [lyw-redis-rag] [           main] .s.d.r.c.RepositoryConfigurationDelegate : Multiple Spring Data modules found, entering strict repository configuration mode
2025-12-21T18:28:50.138+08:00  INFO 67564 --- [lyw-redis-rag] [           main] .s.d.r.c.RepositoryConfigurationDelegate : Bootstrapping Spring Data Redis repositories in DEFAULT mode.
2025-12-21T18:28:50.154+08:00  INFO 67564 --- [lyw-redis-rag] [           main] .s.d.r.c.RepositoryConfigurationDelegate : Finished Spring Data repository scanning in 8 ms. Found 0 Redis repository interfaces.
2025-12-21T18:28:51.036+08:00  INFO 67564 --- [lyw-redis-rag] [           main] .AndroidAArch64FileServiceSpringBootTest : Started AndroidAArch64FileServiceSpringBootTest in 1.387 seconds (process running for 1.872)
]]></system-out>
    <system-err><![CDATA[Mockito is currently self-attaching to enable the inline-mock-maker. This will no longer work in future releases of the JDK. Please add Mockito as an agent to your build as described in Mockito's documentation: https://javadoc.io/doc/org.mockito/mockito-core/latest/org.mockito/org/mockito/Mockito.html#0.3
WARNING: A Java agent has been loaded dynamically (/Users/lyw/.m2/repository/net/bytebuddy/byte-buddy-agent/1.17.8/byte-buddy-agent-1.17.8.jar)
WARNING: If a serviceability tool is in use, please run with -XX:+EnableDynamicAgentLoading to hide this warning
WARNING: If a serviceability tool is not in use, please run with -Djdk.instrument.traceUsage for more information
WARNING: Dynamic loading of agents will be disallowed by default in a future release
]]></system-err>
  </testcase>
</testsuite>